[INFO] Scanning for projects...
[INFO] 
[INFO] --------------------< com.cipalam:cipalam-sistema >---------------------
[INFO] Building cipalam-sistema 0.0.1-SNAPSHOT
[INFO]   from pom.xml
[INFO] --------------------------------[ jar ]---------------------------------
[INFO] 
[INFO] >>> spring-boot:3.4.7:run (default-cli) > test-compile @ cipalam-sistema >>>
[INFO] 
[INFO] --- resources:3.3.1:resources (default-resources) @ cipalam-sistema ---
[INFO] Copying 2 resources from src/main/resources to target/classes
[INFO] Copying 0 resource from src/main/resources to target/classes
[INFO] 
[INFO] --- compiler:3.13.0:compile (default-compile) @ cipalam-sistema ---
[INFO] Nothing to compile - all classes are up to date.
[INFO] 
[INFO] --- resources:3.3.1:testResources (default-testResources) @ cipalam-sistema ---
[INFO] skip non existing resourceDirectory /Applications/XAMPP/xamppfiles/htdocs/GitHub/Projeto-Pratico/Sistema/spring-cipalam/cipalam-sistema/src/test/resources
[INFO] 
[INFO] --- compiler:3.13.0:testCompile (default-testCompile) @ cipalam-sistema ---
[INFO] Nothing to compile - all classes are up to date.
[INFO] 
[INFO] <<< spring-boot:3.4.7:run (default-cli) < test-compile @ cipalam-sistema <<<
[INFO] 
[INFO] 
[INFO] --- spring-boot:3.4.7:run (default-cli) @ cipalam-sistema ---
[INFO] Attaching agents: []

  .   ____          _            __ _ _
 /\\ / ___'_ __ _ _(_)_ __  __ _ \ \ \ \
( ( )\___ | '_ | '_| | '_ \/ _` | \ \ \ \
 \\/  ___)| |_)| | | | | || (_| |  ) ) ) )
  '  |____| .__|_| |_|_| |_\__, | / / / /
 =========|_|==============|___/=/_/_/_/

 :: Spring Boot ::                (v3.4.7)

2025-08-22T18:53:37.600-03:00  INFO 65968 --- [  restartedMain] c.c.c.CipalamSistemaApplication          : Starting CipalamSistemaApplication using Java 21.0.6 with PID 65968 (/Applications/XAMPP/xamppfiles/htdocs/GitHub/Projeto-Pratico/Sistema/spring-cipalam/cipalam-sistema/target/classes started by arthuremanuel in /Applications/XAMPP/xamppfiles/htdocs/GitHub/Projeto-Pratico/Sistema/spring-cipalam/cipalam-sistema)
2025-08-22T18:53:37.601-03:00  INFO 65968 --- [  restartedMain] c.c.c.CipalamSistemaApplication          : No active profile set, falling back to 1 default profile: "default"
2025-08-22T18:53:37.616-03:00  INFO 65968 --- [  restartedMain] .e.DevToolsPropertyDefaultsPostProcessor : Devtools property defaults active! Set 'spring.devtools.add-properties' to 'false' to disable
2025-08-22T18:53:37.616-03:00  INFO 65968 --- [  restartedMain] .e.DevToolsPropertyDefaultsPostProcessor : For additional web related logging consider setting the 'logging.level.web' property to 'DEBUG'
2025-08-22T18:53:37.883-03:00  INFO 65968 --- [  restartedMain] .s.d.r.c.RepositoryConfigurationDelegate : Bootstrapping Spring Data JPA repositories in DEFAULT mode.
2025-08-22T18:53:37.912-03:00  INFO 65968 --- [  restartedMain] .s.d.r.c.RepositoryConfigurationDelegate : Finished Spring Data repository scanning in 25 ms. Found 11 JPA repository interfaces.
2025-08-22T18:53:38.180-03:00  INFO 65968 --- [  restartedMain] o.s.b.w.embedded.tomcat.TomcatWebServer  : Tomcat initialized with port 8080 (http)
2025-08-22T18:53:38.188-03:00  INFO 65968 --- [  restartedMain] o.apache.catalina.core.StandardService   : Starting service [Tomcat]
2025-08-22T18:53:38.188-03:00  INFO 65968 --- [  restartedMain] o.apache.catalina.core.StandardEngine    : Starting Servlet engine: [Apache Tomcat/10.1.42]
2025-08-22T18:53:38.201-03:00  INFO 65968 --- [  restartedMain] o.a.c.c.C.[Tomcat].[localhost].[/]       : Initializing Spring embedded WebApplicationContext
2025-08-22T18:53:38.201-03:00  INFO 65968 --- [  restartedMain] w.s.c.ServletWebServerApplicationContext : Root WebApplicationContext: initialization completed in 585 ms
2025-08-22T18:53:38.262-03:00  INFO 65968 --- [  restartedMain] o.hibernate.jpa.internal.util.LogHelper  : HHH000204: Processing PersistenceUnitInfo [name: default]
2025-08-22T18:53:38.287-03:00  INFO 65968 --- [  restartedMain] org.hibernate.Version                    : HHH000412: Hibernate ORM core version 6.6.18.Final
2025-08-22T18:53:38.298-03:00  INFO 65968 --- [  restartedMain] o.h.c.internal.RegionFactoryInitiator    : HHH000026: Second-level cache disabled
2025-08-22T18:53:38.401-03:00  INFO 65968 --- [  restartedMain] o.s.o.j.p.SpringPersistenceUnitInfo      : No LoadTimeWeaver setup: ignoring JPA class transformer
2025-08-22T18:53:38.412-03:00  INFO 65968 --- [  restartedMain] com.zaxxer.hikari.HikariDataSource       : HikariPool-1 - Starting...
2025-08-22T18:53:38.486-03:00  INFO 65968 --- [  restartedMain] com.zaxxer.hikari.pool.HikariPool        : HikariPool-1 - Added connection com.mysql.cj.jdbc.ConnectionImpl@2fcd17fc
2025-08-22T18:53:38.486-03:00  INFO 65968 --- [  restartedMain] com.zaxxer.hikari.HikariDataSource       : HikariPool-1 - Start completed.
2025-08-22T18:53:38.508-03:00  WARN 65968 --- [  restartedMain] org.hibernate.dialect.Dialect            : HHH000511: The 5.5.5 version for [org.hibernate.dialect.MySQLDialect] is no longer supported, hence certain features may not work properly. The minimum supported version is 8.0.0. Check the community dialects project for available legacy versions.
2025-08-22T18:53:38.515-03:00  INFO 65968 --- [  restartedMain] org.hibernate.orm.connections.pooling    : HHH10001005: Database info:
	Database JDBC URL [Connecting through datasource 'HikariDataSource (HikariPool-1)']
	Database driver: undefined/unknown
	Database version: 5.5.5
	Autocommit mode: undefined/unknown
	Isolation level: undefined/unknown
	Minimum pool size: undefined/unknown
	Maximum pool size: undefined/unknown
2025-08-22T18:53:38.937-03:00  INFO 65968 --- [  restartedMain] o.h.e.t.j.p.i.JtaPlatformInitiator       : HHH000489: No JTA platform available (set 'hibernate.transaction.jta.platform' to enable JTA platform integration)
2025-08-22T18:53:39.038-03:00  INFO 65968 --- [  restartedMain] j.LocalContainerEntityManagerFactoryBean : Initialized JPA EntityManagerFactory for persistence unit 'default'
2025-08-22T18:53:39.263-03:00  INFO 65968 --- [  restartedMain] eAuthenticationProviderManagerConfigurer : Global AuthenticationManager configured with AuthenticationProvider bean with name authenticationProvider
2025-08-22T18:53:39.263-03:00  WARN 65968 --- [  restartedMain] r$InitializeUserDetailsManagerConfigurer : Global AuthenticationManager configured with an AuthenticationProvider bean. UserDetailsService beans will not be used by Spring Security for automatically configuring username/password login. Consider removing the AuthenticationProvider bean. Alternatively, consider using the UserDetailsService in a manually instantiated DaoAuthenticationProvider. If the current configuration is intentional, to turn off this warning, increase the logging level of 'org.springframework.security.config.annotation.authentication.configuration.InitializeUserDetailsBeanManagerConfigurer' to ERROR
2025-08-22T18:53:39.275-03:00  INFO 65968 --- [  restartedMain] o.s.d.j.r.query.QueryEnhancerFactory     : Hibernate is in classpath; If applicable, HQL parser will be used.
2025-08-22T18:53:39.723-03:00  WARN 65968 --- [  restartedMain] JpaBaseConfiguration$JpaWebConfiguration : spring.jpa.open-in-view is enabled by default. Therefore, database queries may be performed during view rendering. Explicitly configure spring.jpa.open-in-view to disable this warning
2025-08-22T18:53:40.028-03:00  WARN 65968 --- [  restartedMain] o.s.b.d.a.OptionalLiveReloadServer       : Unable to start LiveReload server
2025-08-22T18:53:40.043-03:00  INFO 65968 --- [  restartedMain] o.s.b.w.embedded.tomcat.TomcatWebServer  : Tomcat started on port 8080 (http) with context path '/'
2025-08-22T18:53:40.047-03:00  INFO 65968 --- [  restartedMain] c.c.c.CipalamSistemaApplication          : Started CipalamSistemaApplication in 2.572 seconds (process running for 2.723)
Hibernate: select l1_0.idtblogin,l1_0.tbPessoa_idPessoa,l1_0.senha,l1_0.usuario from tblogin l1_0 where l1_0.usuario=?
Hibernate: select p1_0.idPessoa,p1_0.caminhoIdentidadePessoa,p1_0.caminhoImagem,p1_0.CpfPessoa,p1_0.dtNascPessoa,p1_0.email,p1_0.NmPessoa,p1_0.telefone from tbPessoa p1_0 where p1_0.idPessoa=?
Hibernate: select l1_0.idtblogin,l1_0.tbPessoa_idPessoa,l1_0.senha,l1_0.usuario from tblogin l1_0 where l1_0.usuario=?
Hibernate: select p1_0.idPessoa,p1_0.caminhoIdentidadePessoa,p1_0.caminhoImagem,p1_0.CpfPessoa,p1_0.dtNascPessoa,p1_0.email,p1_0.NmPessoa,p1_0.telefone from tbPessoa p1_0 where p1_0.idPessoa=?
2025-08-22T18:57:02.069-03:00  INFO 65968 --- [nio-8080-exec-1] o.a.c.c.C.[Tomcat].[localhost].[/]       : Initializing Spring DispatcherServlet 'dispatcherServlet'
2025-08-22T18:57:02.070-03:00  INFO 65968 --- [nio-8080-exec-1] o.s.web.servlet.DispatcherServlet        : Initializing Servlet 'dispatcherServlet'
2025-08-22T18:57:02.079-03:00  INFO 65968 --- [nio-8080-exec-1] o.s.web.servlet.DispatcherServlet        : Completed initialization in 9 ms
Hibernate: select im1_0.id,im1_0.bairro,im1_0.cep,im1_0.cidade,im1_0.codigoIbgeCidade,im1_0.codigoInepEscola,im1_0.complemento,im1_0.cpfAluno,im1_0.cpfResponsavel,im1_0.dataEnvio,im1_0.dataFinalizacao,im1_0.dataInicioMatricula,im1_0.dataNascimentoAluno,im1_0.dataNascimentoResponsavel,im1_0.emailResponsavel,im1_0.enderecoCompleto,im1_0.escolaAluno,im1_0.funcionarioResponsavel_idPessoa,im1_0.horariosSelecionados,im1_0.integrantesRenda,im1_0.logradouro,im1_0.mensagemAdicional,im1_0.municipioEscola,im1_0.nomeAluno,im1_0.nomeResponsavel,im1_0.numero,im1_0.numeroIntegrantes,im1_0.observacoes,im1_0.observacoesInternas,im1_0.observacoesResponsavel,im1_0.pontoReferencia,im1_0.protocolo,im1_0.rendaFamiliar,im1_0.rendaPerCapita,im1_0.responsavelLogin_idPessoa,im1_0.status,im1_0.telefoneResponsavel,im1_0.tipoCota,im1_0.uf,im1_0.ufEscola from tbInteresseMatricula im1_0
Hibernate: select im1_0.id,im1_0.bairro,im1_0.cep,im1_0.cidade,im1_0.codigoIbgeCidade,im1_0.codigoInepEscola,im1_0.complemento,im1_0.cpfAluno,im1_0.cpfResponsavel,im1_0.dataEnvio,im1_0.dataFinalizacao,im1_0.dataInicioMatricula,im1_0.dataNascimentoAluno,im1_0.dataNascimentoResponsavel,im1_0.emailResponsavel,im1_0.enderecoCompleto,im1_0.escolaAluno,im1_0.funcionarioResponsavel_idPessoa,im1_0.horariosSelecionados,im1_0.integrantesRenda,im1_0.logradouro,im1_0.mensagemAdicional,im1_0.municipioEscola,im1_0.nomeAluno,im1_0.nomeResponsavel,im1_0.numero,im1_0.numeroIntegrantes,im1_0.observacoes,im1_0.observacoesInternas,im1_0.observacoesResponsavel,im1_0.pontoReferencia,im1_0.protocolo,im1_0.rendaFamiliar,im1_0.rendaPerCapita,im1_0.responsavelLogin_idPessoa,im1_0.status,im1_0.telefoneResponsavel,im1_0.tipoCota,im1_0.uf,im1_0.ufEscola from tbInteresseMatricula im1_0 where im1_0.protocolo=?
Hibernate: select im1_0.id,im1_0.bairro,im1_0.cep,im1_0.cidade,im1_0.codigoIbgeCidade,im1_0.codigoInepEscola,im1_0.complemento,im1_0.cpfAluno,im1_0.cpfResponsavel,im1_0.dataEnvio,im1_0.dataFinalizacao,im1_0.dataInicioMatricula,im1_0.dataNascimentoAluno,im1_0.dataNascimentoResponsavel,im1_0.emailResponsavel,im1_0.enderecoCompleto,im1_0.escolaAluno,im1_0.funcionarioResponsavel_idPessoa,im1_0.horariosSelecionados,im1_0.integrantesRenda,im1_0.logradouro,im1_0.mensagemAdicional,im1_0.municipioEscola,im1_0.nomeAluno,im1_0.nomeResponsavel,im1_0.numero,im1_0.numeroIntegrantes,im1_0.observacoes,im1_0.observacoesInternas,im1_0.observacoesResponsavel,im1_0.pontoReferencia,im1_0.protocolo,im1_0.rendaFamiliar,im1_0.rendaPerCapita,im1_0.responsavelLogin_idPessoa,im1_0.status,im1_0.telefoneResponsavel,im1_0.tipoCota,im1_0.uf,im1_0.ufEscola from tbInteresseMatricula im1_0 where im1_0.protocolo=?
